<?xml version="1.0" encoding="UTF-8"?>
<!-- Generated by org.testng.reporters.JUnitXMLReporter -->
<testsuite ignored="1" hostname="DESKTOP-TL6E7AH" failures="0" tests="1" name="Default test" time="0.657" errors="0" timestamp="2024-03-22T17:04:05 IST">
  <testcase classname="SerialAndDeserial.ComplexObject" name="complexDeserial" time="0.557"/>
  <testcase classname="SerialAndDeserial.ComplexObject" name="complexSerial" time="0.0">
    <ignored/>
  </testcase> <!-- complexSerial -->
</testsuite> <!-- Default test -->
