<?xml version="1.0" encoding="UTF-8"?>
<testng-results ignored="0" total="1" passed="1" failed="0" skipped="0">
  <reporter-output>
  </reporter-output>
  <suite started-at="2024-03-25T18:37:07 IST" name="Default suite" finished-at="2024-03-25T18:37:24 IST" duration-ms="16700">
    <groups>
    </groups>
    <test started-at="2024-03-25T18:37:07 IST" name="Default test" finished-at="2024-03-25T18:37:24 IST" duration-ms="16700">
      <class name="Practice.VerifyInUI">
        <test-method signature="createProject()[pri:0, instance:Practice.VerifyInUI@1aafa419]" started-at="2024-03-25T18:37:07 IST" name="createProject" finished-at="2024-03-25T18:37:24 IST" duration-ms="16628" status="PASS">
          <reporter-output>
          </reporter-output>
        </test-method> <!-- createProject -->
      </class> <!-- Practice.VerifyInUI -->
    </test> <!-- Default test -->
  </suite> <!-- Default suite -->
</testng-results>
