<?xml version="1.0" encoding="UTF-8"?>
<testng-results ignored="0" total="1" passed="1" failed="0" skipped="0">
  <reporter-output>
  </reporter-output>
  <suite started-at="2024-03-26T18:38:16 IST" name="Default suite" finished-at="2024-03-26T18:38:21 IST" duration-ms="4932">
    <groups>
    </groups>
    <test started-at="2024-03-26T18:38:16 IST" name="Default test" finished-at="2024-03-26T18:38:21 IST" duration-ms="4932">
      <class name="shopperStack.RegisterShopper">
        <test-method signature="registerShopper()[pri:0, instance:shopperStack.RegisterShopper@368f2016]" started-at="2024-03-26T18:38:16 IST" name="registerShopper" finished-at="2024-03-26T18:38:21 IST" duration-ms="4853" status="PASS">
          <reporter-output>
          </reporter-output>
        </test-method> <!-- registerShopper -->
      </class> <!-- shopperStack.RegisterShopper -->
    </test> <!-- Default test -->
  </suite> <!-- Default suite -->
</testng-results>
